<?xml version="1.0" encoding="UTF-8"?>
<!-- Generated by org.testng.reporters.JUnitXMLReporter -->
<testsuite ignored="0" hostname="DESKTOP-LIHFU2U" failures="0" tests="5" name="Test" time="0.639" errors="0" timestamp="2025-01-30T02:41:36 EST">
  <testcase classname="codenbox.TestBase.Base" name="@BeforeMethod setup" time="-1.738222896258E9">
    <failure type="org.testng.TestNGException" message="
Parameter &amp;apos;OS&amp;apos; is required by BeforeMethod on method setup but has not been marked @Optional or defined
in C:\Users\17185\eclipse-workspace\HybridDemo\master.xml">
      <![CDATA[org.testng.TestNGException: 
Parameter 'OS' is required by BeforeMethod on method setup but has not been marked @Optional or defined
in C:\Users\17185\eclipse-workspace\HybridDemo\master.xml
at java.base/java.util.ArrayList.forEach(ArrayList.java:1511)
... Removed 28 stack frames]]>
    </failure>
  </testcase> <!-- @BeforeMethod setup -->
  <testcase classname="codenbox.TestBase.Base" name="@AfterMethod tearDown" time="0.001">
    <failure type="java.lang.NullPointerException" message="Cannot invoke &amp;quot;org.openqa.selenium.WebDriver.quit()&amp;quot; because &amp;quot;codenbox.TestBase.Base.driver&amp;quot; is null">
      <![CDATA[java.lang.NullPointerException: Cannot invoke "org.openqa.selenium.WebDriver.quit()" because "codenbox.TestBase.Base.driver" is null
at codenbox.TestBase.Base.tearDown(Base.java:69)
at java.base/java.util.ArrayList.forEach(ArrayList.java:1511)
... Removed 32 stack frames]]>
    </failure>
  </testcase> <!-- @AfterMethod tearDown -->
  <testcase classname="codenbox.TestBase.Base" name="@BeforeMethod setup" time="-1.738222896282E9">
    <failure type="org.testng.TestNGException" message="
Parameter &amp;apos;OS&amp;apos; is required by BeforeMethod on method setup but has not been marked @Optional or defined
in C:\Users\17185\eclipse-workspace\HybridDemo\master.xml">
      <![CDATA[org.testng.TestNGException: 
Parameter 'OS' is required by BeforeMethod on method setup but has not been marked @Optional or defined
in C:\Users\17185\eclipse-workspace\HybridDemo\master.xml
at java.base/java.util.ArrayList.forEach(ArrayList.java:1511)
... Removed 28 stack frames]]>
    </failure>
  </testcase> <!-- @BeforeMethod setup -->
  <testcase classname="codenbox.TestBase.Base" name="@AfterMethod tearDown" time="0.001">
    <failure type="java.lang.NullPointerException" message="Cannot invoke &amp;quot;org.openqa.selenium.WebDriver.quit()&amp;quot; because &amp;quot;codenbox.TestBase.Base.driver&amp;quot; is null">
      <![CDATA[java.lang.NullPointerException: Cannot invoke "org.openqa.selenium.WebDriver.quit()" because "codenbox.TestBase.Base.driver" is null
at codenbox.TestBase.Base.tearDown(Base.java:69)
at java.base/java.util.ArrayList.forEach(ArrayList.java:1511)
... Removed 32 stack frames]]>
    </failure>
  </testcase> <!-- @AfterMethod tearDown -->
  <testcase classname="codenbox.TestBase.Base" name="@BeforeMethod setup" time="-1.738222896289E9">
    <failure type="org.testng.TestNGException" message="
Parameter &amp;apos;OS&amp;apos; is required by BeforeMethod on method setup but has not been marked @Optional or defined
in C:\Users\17185\eclipse-workspace\HybridDemo\master.xml">
      <![CDATA[org.testng.TestNGException: 
Parameter 'OS' is required by BeforeMethod on method setup but has not been marked @Optional or defined
in C:\Users\17185\eclipse-workspace\HybridDemo\master.xml
at java.base/java.util.ArrayList.forEach(ArrayList.java:1511)
... Removed 28 stack frames]]>
    </failure>
  </testcase> <!-- @BeforeMethod setup -->
  <testcase classname="codenbox.TestBase.Base" name="@AfterMethod tearDown" time="0.0">
    <failure type="java.lang.NullPointerException" message="Cannot invoke &amp;quot;org.openqa.selenium.WebDriver.quit()&amp;quot; because &amp;quot;codenbox.TestBase.Base.driver&amp;quot; is null">
      <![CDATA[java.lang.NullPointerException: Cannot invoke "org.openqa.selenium.WebDriver.quit()" because "codenbox.TestBase.Base.driver" is null
at codenbox.TestBase.Base.tearDown(Base.java:69)
at java.base/java.util.ArrayList.forEach(ArrayList.java:1511)
... Removed 32 stack frames]]>
    </failure>
  </testcase> <!-- @AfterMethod tearDown -->
  <testcase classname="codenbox.TestBase.Base" name="@BeforeMethod setup" time="-1.738222896298E9">
    <failure type="org.testng.TestNGException" message="
Parameter &amp;apos;OS&amp;apos; is required by BeforeMethod on method setup but has not been marked @Optional or defined
in C:\Users\17185\eclipse-workspace\HybridDemo\master.xml">
      <![CDATA[org.testng.TestNGException: 
Parameter 'OS' is required by BeforeMethod on method setup but has not been marked @Optional or defined
in C:\Users\17185\eclipse-workspace\HybridDemo\master.xml
at java.base/java.util.ArrayList.forEach(ArrayList.java:1511)
... Removed 28 stack frames]]>
    </failure>
  </testcase> <!-- @BeforeMethod setup -->
  <testcase classname="codenbox.TestBase.Base" name="@AfterMethod tearDown" time="0.001">
    <failure type="java.lang.NullPointerException" message="Cannot invoke &amp;quot;org.openqa.selenium.WebDriver.quit()&amp;quot; because &amp;quot;codenbox.TestBase.Base.driver&amp;quot; is null">
      <![CDATA[java.lang.NullPointerException: Cannot invoke "org.openqa.selenium.WebDriver.quit()" because "codenbox.TestBase.Base.driver" is null
at codenbox.TestBase.Base.tearDown(Base.java:69)
at java.base/java.util.ArrayList.forEach(ArrayList.java:1511)
... Removed 32 stack frames]]>
    </failure>
  </testcase> <!-- @AfterMethod tearDown -->
  <testcase classname="codenbox.TestBase.Base" name="@BeforeMethod setup" time="-1.738222896308E9">
    <failure type="org.testng.TestNGException" message="
Parameter &amp;apos;OS&amp;apos; is required by BeforeMethod on method setup but has not been marked @Optional or defined
in C:\Users\17185\eclipse-workspace\HybridDemo\master.xml">
      <![CDATA[org.testng.TestNGException: 
Parameter 'OS' is required by BeforeMethod on method setup but has not been marked @Optional or defined
in C:\Users\17185\eclipse-workspace\HybridDemo\master.xml
at java.base/java.util.ArrayList.forEach(ArrayList.java:1511)
... Removed 28 stack frames]]>
    </failure>
  </testcase> <!-- @BeforeMethod setup -->
  <testcase classname="codenbox.TestBase.Base" name="@AfterMethod tearDown" time="0.001">
    <failure type="java.lang.NullPointerException" message="Cannot invoke &amp;quot;org.openqa.selenium.WebDriver.quit()&amp;quot; because &amp;quot;codenbox.TestBase.Base.driver&amp;quot; is null">
      <![CDATA[java.lang.NullPointerException: Cannot invoke "org.openqa.selenium.WebDriver.quit()" because "codenbox.TestBase.Base.driver" is null
at codenbox.TestBase.Base.tearDown(Base.java:69)
at java.base/java.util.ArrayList.forEach(ArrayList.java:1511)
... Removed 32 stack frames]]>
    </failure>
  </testcase> <!-- @AfterMethod tearDown -->
  <testcase classname="codenbox.testCases.LoginDataDrivenTest" name="verify_loginDDT" time="0.0">
    <skipped/>
  </testcase> <!-- verify_loginDDT -->
  <testcase classname="codenbox.testCases.LoginDataDrivenTest" name="verify_loginDDT" time="0.001">
    <skipped/>
  </testcase> <!-- verify_loginDDT -->
  <testcase classname="codenbox.testCases.LoginDataDrivenTest" name="verify_loginDDT" time="0.001">
    <skipped/>
  </testcase> <!-- verify_loginDDT -->
  <testcase classname="codenbox.testCases.LoginDataDrivenTest" name="verify_loginDDT" time="0.0">
    <skipped/>
  </testcase> <!-- verify_loginDDT -->
  <testcase classname="codenbox.testCases.LoginDataDrivenTest" name="verify_loginDDT" time="0.0">
    <skipped/>
  </testcase> <!-- verify_loginDDT -->
</testsuite> <!-- Test -->
